[debug] [2020-08-24T19:04:01.656Z] ----------------------------------------------------------------------
[debug] [2020-08-24T19:04:01.659Z] Command:       C:\Program Files\nodejs\node.exe C:\Users\ZAPELIN\AppData\Roaming\npm\node_modules\firebase-tools\lib\bin\firebase.js init
[debug] [2020-08-24T19:04:01.659Z] CLI Version:   8.9.0
[debug] [2020-08-24T19:04:01.659Z] Platform:      win32
[debug] [2020-08-24T19:04:01.659Z] Node Version:  v10.16.3
[debug] [2020-08-24T19:04:01.661Z] Time:          Tue Aug 25 2020 02:04:01 GMT+0700 (Western Indonesia Time)
[debug] [2020-08-24T19:04:01.661Z] ----------------------------------------------------------------------
[debug] [2020-08-24T19:04:01.661Z] 
[debug] [2020-08-24T19:04:01.669Z] > command requires scopes: ["email","openid","https://www.googleapis.com/auth/cloudplatformprojects.readonly","https://www.googleapis.com/auth/firebase","https://www.googleapis.com/auth/cloud-platform"]
[debug] [2020-08-24T19:04:01.670Z] > authorizing via signed-in user
[info] 
     ######## #### ########  ######## ########     ###     ######  ########
     ##        ##  ##     ## ##       ##     ##  ##   ##  ##       ##
     ######    ##  ########  ######   ########  #########  ######  ######
     ##        ##  ##    ##  ##       ##     ## ##     ##       ## ##
     ##       #### ##     ## ######## ########  ##     ##  ######  ########

You're about to initialize a Firebase project in this directory:

  C:\xampp\htdocs\TOinten

Before we get started, keep in mind:

  * You are currently outside your home directory

[info] 
=== Project Setup
[info] 
[info] First, let's associate this project directory with a Firebase project.
[info] You can create multiple project aliases by running firebase use --add, 
[info] but for now we'll just set up a default project.
[info] 
[debug] [2020-08-24T19:04:21.676Z] >>> HTTP REQUEST GET https://firebase.googleapis.com/v1beta1/projects?pageSize=100  
 
[debug] [2020-08-24T19:04:22.118Z] <<< HTTP RESPONSE 200 {"content-type":"application/json; charset=UTF-8","vary":"X-Origin, Referer, Origin,Accept-Encoding","date":"Mon, 24 Aug 2020 19:04:22 GMT","server":"ESF","cache-control":"private","x-xss-protection":"0","x-frame-options":"SAMEORIGIN","x-content-type-options":"nosniff","alt-svc":"h3-29=\":443\"; ma=2592000,h3-27=\":443\"; ma=2592000,h3-T050=\":443\"; ma=2592000,h3-Q050=\":443\"; ma=2592000,h3-Q046=\":443\"; ma=2592000,h3-Q043=\":443\"; ma=2592000,quic=\":443\"; ma=2592000; v=\"46,43\"","accept-ranges":"none","transfer-encoding":"chunked"}
[info] i  Using project tointen-fbc26 (tointen) 
[info] 
=== Firestore Setup
[debug] [2020-08-24T19:04:23.844Z] >>> HTTP REQUEST GET https://serviceusage.googleapis.com/v1/projects/tointen-fbc26/services/firestore.googleapis.com  
 
[debug] [2020-08-24T19:04:25.164Z] <<< HTTP RESPONSE 200 {"content-type":"application/json; charset=UTF-8","vary":"X-Origin, Referer, Origin,Accept-Encoding","date":"Mon, 24 Aug 2020 19:04:25 GMT","server":"ESF","cache-control":"private","x-xss-protection":"0","x-frame-options":"SAMEORIGIN","x-content-type-options":"nosniff","alt-svc":"h3-29=\":443\"; ma=2592000,h3-27=\":443\"; ma=2592000,h3-T050=\":443\"; ma=2592000,h3-Q050=\":443\"; ma=2592000,h3-Q046=\":443\"; ma=2592000,h3-Q043=\":443\"; ma=2592000,quic=\":443\"; ma=2592000; v=\"46,43\"","accept-ranges":"none","transfer-encoding":"chunked"}
[debug] [2020-08-24T19:04:25.168Z] >>> HTTP REQUEST GET https://appengine.googleapis.com/v1/apps/tointen-fbc26  
 
[debug] [2020-08-24T19:04:25.672Z] <<< HTTP RESPONSE 200 {"content-type":"application/json; charset=UTF-8","vary":"X-Origin, Referer, Origin,Accept-Encoding","date":"Mon, 24 Aug 2020 19:04:26 GMT","server":"ESF","cache-control":"private","x-xss-protection":"0","x-frame-options":"SAMEORIGIN","x-content-type-options":"nosniff","alt-svc":"h3-29=\":443\"; ma=2592000,h3-27=\":443\"; ma=2592000,h3-T050=\":443\"; ma=2592000,h3-Q050=\":443\"; ma=2592000,h3-Q046=\":443\"; ma=2592000,h3-Q043=\":443\"; ma=2592000,quic=\":443\"; ma=2592000; v=\"46,43\"","accept-ranges":"none","transfer-encoding":"chunked"}
[debug] [2020-08-24T19:04:25.673Z] database_type: CLOUD_FIRESTORE
[debug] [2020-08-24T19:04:25.675Z] > command requires scopes: ["email","openid","https://www.googleapis.com/auth/cloudplatformprojects.readonly","https://www.googleapis.com/auth/firebase","https://www.googleapis.com/auth/cloud-platform"]
[debug] [2020-08-24T19:04:25.677Z] > authorizing via signed-in user
[debug] [2020-08-24T19:04:25.678Z] [iam] checking project tointen-fbc26 for permissions ["firebase.projects.get"]
[debug] [2020-08-24T19:04:25.681Z] >>> HTTP REQUEST POST https://cloudresourcemanager.googleapis.com/v1/projects/tointen-fbc26:testIamPermissions  
 {"permissions":["firebase.projects.get"]}
[debug] [2020-08-24T19:04:27.548Z] <<< HTTP RESPONSE 200 {"content-type":"application/json; charset=UTF-8","vary":"X-Origin, Referer, Origin,Accept-Encoding","date":"Mon, 24 Aug 2020 19:04:27 GMT","server":"ESF","cache-control":"private","x-xss-protection":"0","x-frame-options":"SAMEORIGIN","x-content-type-options":"nosniff","server-timing":"gfet4t7; dur=1010","alt-svc":"h3-29=\":443\"; ma=2592000,h3-27=\":443\"; ma=2592000,h3-T050=\":443\"; ma=2592000,h3-Q050=\":443\"; ma=2592000,h3-Q046=\":443\"; ma=2592000,h3-Q043=\":443\"; ma=2592000,quic=\":443\"; ma=2592000; v=\"46,43\"","accept-ranges":"none","transfer-encoding":"chunked"}
[info] 
[info] Firestore Security Rules allow you to define how and when to allow
[info] requests. You can keep these rules in your project directory
[info] and publish them with firebase deploy.
[info] 
[debug] [2020-08-24T19:04:38.388Z] >>> HTTP REQUEST GET https://firebaserules.googleapis.com/v1/projects/tointen-fbc26/releases?pageSize=10&pageToken=  
 
[debug] [2020-08-24T19:04:39.651Z] <<< HTTP RESPONSE 200 {"content-type":"application/json; charset=UTF-8","vary":"X-Origin, Referer, Origin,Accept-Encoding","date":"Mon, 24 Aug 2020 19:04:40 GMT","server":"ESF","cache-control":"private","x-xss-protection":"0","x-frame-options":"SAMEORIGIN","x-content-type-options":"nosniff","alt-svc":"h3-29=\":443\"; ma=2592000,h3-27=\":443\"; ma=2592000,h3-T050=\":443\"; ma=2592000,h3-Q050=\":443\"; ma=2592000,h3-Q046=\":443\"; ma=2592000,h3-Q043=\":443\"; ma=2592000,quic=\":443\"; ma=2592000; v=\"46,43\"","accept-ranges":"none","transfer-encoding":"chunked"}
[debug] [2020-08-24T19:04:39.655Z] Found ruleset: projects/tointen-fbc26/rulesets/2a75a54c-2bca-4c9b-9e3c-fcd24c8de19d
[debug] [2020-08-24T19:04:39.657Z] >>> HTTP REQUEST GET https://firebaserules.googleapis.com/v1/projects/tointen-fbc26/rulesets/2a75a54c-2bca-4c9b-9e3c-fcd24c8de19d  
 
[debug] [2020-08-24T19:04:40.870Z] <<< HTTP RESPONSE 200 {"content-type":"application/json; charset=UTF-8","vary":"X-Origin, Referer, Origin,Accept-Encoding","date":"Mon, 24 Aug 2020 19:04:41 GMT","server":"ESF","cache-control":"private","x-xss-protection":"0","x-frame-options":"SAMEORIGIN","x-content-type-options":"nosniff","alt-svc":"h3-29=\":443\"; ma=2592000,h3-27=\":443\"; ma=2592000,h3-T050=\":443\"; ma=2592000,h3-Q050=\":443\"; ma=2592000,h3-Q046=\":443\"; ma=2592000,h3-Q043=\":443\"; ma=2592000,quic=\":443\"; ma=2592000; v=\"46,43\"","accept-ranges":"none","transfer-encoding":"chunked"}
[info] 
[info] Firestore indexes allow you to perform complex queries while
[info] maintaining performance that scales with the size of the result
[info] set. You can keep index definitions in your project directory
[info] and publish them with firebase deploy.
[info] 
[debug] [2020-08-24T19:04:48.552Z] >>> HTTP REQUEST GET https://firestore.googleapis.com/v1/projects/tointen-fbc26/databases/(default)/collectionGroups/-/indexes  
 
[debug] [2020-08-24T19:04:48.553Z] >>> HTTP REQUEST GET https://firestore.googleapis.com/v1/projects/tointen-fbc26/databases/(default)/collectionGroups/-/fields?filter=indexConfig.usesAncestorConfig=false  
 
[debug] [2020-08-24T19:04:49.162Z] <<< HTTP RESPONSE 200 {"content-type":"application/json; charset=UTF-8","vary":"X-Origin, Referer, Origin,Accept-Encoding","date":"Mon, 24 Aug 2020 19:04:49 GMT","server":"ESF","cache-control":"private","x-xss-protection":"0","x-frame-options":"SAMEORIGIN","x-content-type-options":"nosniff","alt-svc":"h3-29=\":443\"; ma=2592000,h3-27=\":443\"; ma=2592000,h3-T050=\":443\"; ma=2592000,h3-Q050=\":443\"; ma=2592000,h3-Q046=\":443\"; ma=2592000,h3-Q043=\":443\"; ma=2592000,quic=\":443\"; ma=2592000; v=\"46,43\"","accept-ranges":"none","transfer-encoding":"chunked"}
[debug] [2020-08-24T19:04:49.421Z] <<< HTTP RESPONSE 200 {"content-type":"application/json; charset=UTF-8","vary":"X-Origin, Referer, Origin,Accept-Encoding","date":"Mon, 24 Aug 2020 19:04:50 GMT","server":"ESF","cache-control":"private","x-xss-protection":"0","x-frame-options":"SAMEORIGIN","x-content-type-options":"nosniff","alt-svc":"h3-29=\":443\"; ma=2592000,h3-27=\":443\"; ma=2592000,h3-T050=\":443\"; ma=2592000,h3-Q050=\":443\"; ma=2592000,h3-Q046=\":443\"; ma=2592000,h3-Q043=\":443\"; ma=2592000,quic=\":443\"; ma=2592000; v=\"46,43\"","accept-ranges":"none","transfer-encoding":"chunked"}
[debug] [2020-08-24T19:04:49.521Z] Error: EISDIR: illegal operation on a directory, open 'C:\xampp\htdocs\TOinten'
    at Object.openSync (fs.js:443:3)
    at Object.writeFileSync (fs.js:1194:35)
    at Config.writeProjectFile (C:\Users\ZAPELIN\AppData\Roaming\npm\node_modules\firebase-tools\lib\config.js:155:8)
    at getIndexesFromConsole.then (C:\Users\ZAPELIN\AppData\Roaming\npm\node_modules\firebase-tools\lib\init\features\firestore\indexes.js:51:27)
    at process._tickCallback (internal/process/next_tick.js:68:7)
[error] 
[error] Error: An unexpected error has occurred.
[debug] [2020-08-24T19:04:55.741Z] ----------------------------------------------------------------------
[debug] [2020-08-24T19:04:55.744Z] Command:       C:\Program Files\nodejs\node.exe C:\Users\ZAPELIN\AppData\Roaming\npm\node_modules\firebase-tools\lib\bin\firebase.js init
[debug] [2020-08-24T19:04:55.744Z] CLI Version:   8.9.0
[debug] [2020-08-24T19:04:55.744Z] Platform:      win32
[debug] [2020-08-24T19:04:55.745Z] Node Version:  v10.16.3
[debug] [2020-08-24T19:04:55.746Z] Time:          Tue Aug 25 2020 02:04:55 GMT+0700 (Western Indonesia Time)
[debug] [2020-08-24T19:04:55.746Z] ----------------------------------------------------------------------
[debug] [2020-08-24T19:04:55.746Z] 
[debug] [2020-08-24T19:04:55.756Z] > command requires scopes: ["email","openid","https://www.googleapis.com/auth/cloudplatformprojects.readonly","https://www.googleapis.com/auth/firebase","https://www.googleapis.com/auth/cloud-platform"]
[debug] [2020-08-24T19:04:55.757Z] > authorizing via signed-in user
[info] 
     ######## #### ########  ######## ########     ###     ######  ########
     ##        ##  ##     ## ##       ##     ##  ##   ##  ##       ##
     ######    ##  ########  ######   ########  #########  ######  ######
     ##        ##  ##    ##  ##       ##     ## ##     ##       ## ##
     ##       #### ##     ## ######## ########  ##     ##  ######  ########

You're about to initialize a Firebase project in this directory:

  C:\xampp\htdocs\TOinten

Before we get started, keep in mind:

  * You are currently outside your home directory

[info] 
=== Project Setup
[info] 
[info] First, let's associate this project directory with a Firebase project.
[info] You can create multiple project aliases by running firebase use --add, 
[info] but for now we'll just set up a default project.
[info] 
[debug] [2020-08-24T19:05:20.675Z] >>> HTTP REQUEST GET https://firebase.googleapis.com/v1beta1/projects?pageSize=100  
 
[debug] [2020-08-24T19:05:21.131Z] <<< HTTP RESPONSE 200 {"content-type":"application/json; charset=UTF-8","vary":"X-Origin, Referer, Origin,Accept-Encoding","date":"Mon, 24 Aug 2020 19:05:21 GMT","server":"ESF","cache-control":"private","x-xss-protection":"0","x-frame-options":"SAMEORIGIN","x-content-type-options":"nosniff","alt-svc":"h3-29=\":443\"; ma=2592000,h3-27=\":443\"; ma=2592000,h3-T050=\":443\"; ma=2592000,h3-Q050=\":443\"; ma=2592000,h3-Q046=\":443\"; ma=2592000,h3-Q043=\":443\"; ma=2592000,quic=\":443\"; ma=2592000; v=\"46,43\"","accept-ranges":"none","transfer-encoding":"chunked"}
[info] i  Using project tointen-fbc26 (tointen) 
[info] 
=== Firestore Setup
[debug] [2020-08-24T19:05:22.248Z] >>> HTTP REQUEST GET https://serviceusage.googleapis.com/v1/projects/tointen-fbc26/services/firestore.googleapis.com  
 
[debug] [2020-08-24T19:05:23.585Z] <<< HTTP RESPONSE 200 {"content-type":"application/json; charset=UTF-8","vary":"X-Origin, Referer, Origin,Accept-Encoding","date":"Mon, 24 Aug 2020 19:05:24 GMT","server":"ESF","cache-control":"private","x-xss-protection":"0","x-frame-options":"SAMEORIGIN","x-content-type-options":"nosniff","alt-svc":"h3-29=\":443\"; ma=2592000,h3-27=\":443\"; ma=2592000,h3-T050=\":443\"; ma=2592000,h3-Q050=\":443\"; ma=2592000,h3-Q046=\":443\"; ma=2592000,h3-Q043=\":443\"; ma=2592000,quic=\":443\"; ma=2592000; v=\"46,43\"","accept-ranges":"none","transfer-encoding":"chunked"}
[debug] [2020-08-24T19:05:23.588Z] >>> HTTP REQUEST GET https://appengine.googleapis.com/v1/apps/tointen-fbc26  
 
[debug] [2020-08-24T19:05:24.018Z] <<< HTTP RESPONSE 200 {"content-type":"application/json; charset=UTF-8","vary":"X-Origin, Referer, Origin,Accept-Encoding","date":"Mon, 24 Aug 2020 19:05:24 GMT","server":"ESF","cache-control":"private","x-xss-protection":"0","x-frame-options":"SAMEORIGIN","x-content-type-options":"nosniff","alt-svc":"h3-29=\":443\"; ma=2592000,h3-27=\":443\"; ma=2592000,h3-T050=\":443\"; ma=2592000,h3-Q050=\":443\"; ma=2592000,h3-Q046=\":443\"; ma=2592000,h3-Q043=\":443\"; ma=2592000,quic=\":443\"; ma=2592000; v=\"46,43\"","accept-ranges":"none","transfer-encoding":"chunked"}
[debug] [2020-08-24T19:05:24.019Z] database_type: CLOUD_FIRESTORE
[debug] [2020-08-24T19:05:24.021Z] > command requires scopes: ["email","openid","https://www.googleapis.com/auth/cloudplatformprojects.readonly","https://www.googleapis.com/auth/firebase","https://www.googleapis.com/auth/cloud-platform"]
[debug] [2020-08-24T19:05:24.023Z] > authorizing via signed-in user
[debug] [2020-08-24T19:05:24.024Z] [iam] checking project tointen-fbc26 for permissions ["firebase.projects.get"]
[debug] [2020-08-24T19:05:24.026Z] >>> HTTP REQUEST POST https://cloudresourcemanager.googleapis.com/v1/projects/tointen-fbc26:testIamPermissions  
 {"permissions":["firebase.projects.get"]}
[debug] [2020-08-24T19:05:25.069Z] <<< HTTP RESPONSE 200 {"content-type":"application/json; charset=UTF-8","vary":"X-Origin, Referer, Origin,Accept-Encoding","date":"Mon, 24 Aug 2020 19:05:25 GMT","server":"ESF","cache-control":"private","x-xss-protection":"0","x-frame-options":"SAMEORIGIN","x-content-type-options":"nosniff","server-timing":"gfet4t7; dur=957","alt-svc":"h3-29=\":443\"; ma=2592000,h3-27=\":443\"; ma=2592000,h3-T050=\":443\"; ma=2592000,h3-Q050=\":443\"; ma=2592000,h3-Q046=\":443\"; ma=2592000,h3-Q043=\":443\"; ma=2592000,quic=\":443\"; ma=2592000; v=\"46,43\"","accept-ranges":"none","transfer-encoding":"chunked"}
[info] 
[info] Firestore Security Rules allow you to define how and when to allow
[info] requests. You can keep these rules in your project directory
[info] and publish them with firebase deploy.
[info] 
[debug] [2020-08-24T19:05:33.484Z] >>> HTTP REQUEST GET https://firebaserules.googleapis.com/v1/projects/tointen-fbc26/releases?pageSize=10&pageToken=  
 
[debug] [2020-08-24T19:05:34.730Z] <<< HTTP RESPONSE 200 {"content-type":"application/json; charset=UTF-8","vary":"X-Origin, Referer, Origin,Accept-Encoding","date":"Mon, 24 Aug 2020 19:05:35 GMT","server":"ESF","cache-control":"private","x-xss-protection":"0","x-frame-options":"SAMEORIGIN","x-content-type-options":"nosniff","alt-svc":"h3-29=\":443\"; ma=2592000,h3-27=\":443\"; ma=2592000,h3-T050=\":443\"; ma=2592000,h3-Q050=\":443\"; ma=2592000,h3-Q046=\":443\"; ma=2592000,h3-Q043=\":443\"; ma=2592000,quic=\":443\"; ma=2592000; v=\"46,43\"","accept-ranges":"none","transfer-encoding":"chunked"}
[debug] [2020-08-24T19:05:34.733Z] Found ruleset: projects/tointen-fbc26/rulesets/2a75a54c-2bca-4c9b-9e3c-fcd24c8de19d
[debug] [2020-08-24T19:05:34.735Z] >>> HTTP REQUEST GET https://firebaserules.googleapis.com/v1/projects/tointen-fbc26/rulesets/2a75a54c-2bca-4c9b-9e3c-fcd24c8de19d  
 
[debug] [2020-08-24T19:05:35.953Z] <<< HTTP RESPONSE 200 {"content-type":"application/json; charset=UTF-8","vary":"X-Origin, Referer, Origin,Accept-Encoding","date":"Mon, 24 Aug 2020 19:05:36 GMT","server":"ESF","cache-control":"private","x-xss-protection":"0","x-frame-options":"SAMEORIGIN","x-content-type-options":"nosniff","alt-svc":"h3-29=\":443\"; ma=2592000,h3-27=\":443\"; ma=2592000,h3-T050=\":443\"; ma=2592000,h3-Q050=\":443\"; ma=2592000,h3-Q046=\":443\"; ma=2592000,h3-Q043=\":443\"; ma=2592000,quic=\":443\"; ma=2592000; v=\"46,43\"","accept-ranges":"none","transfer-encoding":"chunked"}
[debug] [2020-08-24T19:05:36.061Z] Error: EISDIR: illegal operation on a directory, open 'C:\xampp\htdocs\TOinten'
    at Object.openSync (fs.js:443:3)
    at Object.writeFileSync (fs.js:1194:35)
    at Config.writeProjectFile (C:\Users\ZAPELIN\AppData\Roaming\npm\node_modules\firebase-tools\lib\config.js:155:8)
    at getRulesFromConsole.then (C:\Users\ZAPELIN\AppData\Roaming\npm\node_modules\firebase-tools\lib\init\features\firestore\rules.js:50:27)
    at process._tickCallback (internal/process/next_tick.js:68:7)
[error] 
[error] Error: An unexpected error has occurred.
